Created	03/05/16 16:42:17
Calibration	antiwindup1_013_000

Timestamp (mS)	Accelerator_Pedal_Position	Electronic_Throttle_feedback	Error	
        47	0.00	4.86	-2.14	
       109	0.00	3.20	-1.41	
       172	0.00	3.33	-2.82	
       265	0.00	2.56	-0.59	
       296	9.68	8.45	-0.59	
       359	14.47	13.44	1.03	
       421	26.80	24.06	1.77	
       484	38.73	37.89	0.36	
       546	49.29	49.02	0.36	
       608	58.68	58.11	0.23	
       671	63.77	63.62	-0.32	
       733	66.60	66.18	-0.32	
       796	67.09	67.84	-0.88	
       858	67.09	67.84	-0.75	
       920	66.31	67.97	-1.07	
       983	59.66	61.70	-1.57	
      1045	48.41	50.69	-1.20	
      1108	31.10	35.20	0.60	
      1170	7.14	9.60	-1.07	
      1232	0.00	1.15	2.30	
      1295	0.00	0.38	1.79	
      1357	0.00	1.15	1.54	
      1420	2.64	3.58	1.02	
      1482	12.13	8.19	3.26	
      1544	23.37	23.42	0.45	
      1607	36.28	34.69	1.68	
      1669	48.41	46.46	1.75	
      1732	58.29	57.98	1.12	
      1794	64.55	64.51	0.55	
      1856	66.41	66.69	0.29	
      1919	66.50	66.94	-0.44	
      1981	66.60	67.07	-0.67	
      2044	66.50	67.20	-0.60	
      2106	66.41	67.20	-0.70	
      2168	66.41	67.20	-0.57	
      2231	66.60	66.94	-0.67	
      2293	66.50	67.07	-0.54	
      2356	66.41	66.94	-0.67	
      2418	66.31	67.20	-0.67	
      2480	66.50	67.07	-0.57	
      2543	66.50	67.20	-0.60	
      2605	66.50	67.07	-0.57	
      2668	66.60	67.20	-0.67	
      2730	66.41	67.20	-0.60	
      2792	66.50	67.20	-0.70	
      2855	66.41	67.07	-0.67	
      2917	66.50	67.20	-0.54	
      2980	65.82	67.33	-1.12	
      3042	64.35	66.18	-1.27	
      3104	58.19	60.42	-1.74	
      3167	43.23	47.62	-1.81	
      3229	22.20	30.08	-2.76	
      3292	2.05	8.19	1.03	
      3354	0.00	3.84	1.54	
      3416	0.00	3.20	-0.90	
      3479	0.00	2.82	-2.56	
      3541	0.00	0.90	-3.46	
      3604	3.42	0.51	-1.18	
      3666	14.08	13.18	2.17	
      3728	25.53	24.06	1.25	
      3791	40.68	36.35	2.55	
      3853	58.39	48.90	6.70	
      3916	72.37	60.03	11.36	
      3978	82.74	69.38	12.96	
      4040	86.26	79.10	2.01	
      4103	86.55	86.91	2.01	
      4165	86.16	87.81	-1.35	
      4228	84.50	85.89	-1.92	
      4290	81.86	83.71	-1.90	
      4352	77.56	78.46	-2.29	
      4415	72.96	74.62	-2.21	
      4477	68.95	69.76	-2.61	
      4540	65.72	67.71	-1.15	
      4602	64.55	65.92	-1.15	
      4664	64.55	65.79	-1.24	
      4727	64.45	65.66	-1.24	
      4789	64.55	65.79	-1.24	
      4852	64.65	65.92	-1.27	
      4914	64.55	65.79	-1.24	
      4976	64.55	65.79	-1.24	
      5039	64.55	65.79	-1.24	
      5101	64.55	65.79	-1.24	
      5164	64.55	65.79	-1.15	
      5226	64.55	65.79	-1.24	
      5288	64.55	65.79	-1.15	
      5351	64.55	65.79	-1.15	
      5413	64.55	65.79	-1.24	
      5476	64.65	65.79	-1.15	
      5538	64.65	65.92	-1.27	
      5600	64.55	65.79	-1.27	
      5663	64.55	65.79	-1.24	
      5725	64.65	65.79	-1.24	
      5788	64.55	65.79	-1.24	
      5850	64.55	65.79	-1.24	
      5912	64.55	65.79	-1.24	
      5975	64.74	65.92	-1.27	
      6037	64.55	65.79	-1.37	
      6100	64.55	65.79	-1.24	
      6162	64.55	65.79	-1.24	
      6224	64.55	65.79	-1.24	
      6287	64.55	65.79	-1.15	
      6349	64.55	65.79	-1.24	
      6412	64.55	65.79	-1.24	
      6474	64.55	65.79	-1.15	
      6536	64.55	65.79	-1.24	
      6599	64.55	65.79	-1.15	
      6661	64.65	65.92	-1.27	
      6724	64.65	65.92	-1.27	
      6786	64.55	65.79	-1.15	
      6848	64.65	65.79	-1.24	
      6911	64.74	66.05	-1.24	
      6973	64.65	65.92	-1.27	
      7036	64.55	65.79	-1.15	
      7098	64.65	65.92	-1.24	
      7160	64.55	65.79	-1.27	
      7223	64.55	65.79	-1.15	
      7285	64.65	65.79	-1.24	
      7348	64.55	65.79	-1.24	
      7410	64.55	65.79	-1.15	
      7472	64.55	65.79	-1.15	
      7535	64.55	65.79	-1.15	
      7597	64.55	65.79	-1.15	
      7660	64.65	65.79	-1.27	
      7722	64.65	65.79	-1.15	
      7784	64.65	65.79	-1.24	
      7847	64.55	65.79	-1.15	
      7909	64.55	65.79	-1.15	
      7972	64.65	65.79	-1.15	
      8034	64.65	65.92	-1.15	
      8096	64.65	65.92	-1.15	
      8159	64.65	65.79	-1.15	
      8221	64.74	65.79	-1.15	
      8284	64.65	65.79	-1.24	
      8346	64.55	65.79	-1.24	
      8408	64.65	65.79	-1.15	
      8471	64.55	65.79	-1.15	
      8533	64.55	65.79	-1.15	
      8596	64.55	65.79	-1.15	
      8658	64.65	65.79	-1.15	
      8720	64.65	65.79	-1.15	
      8783	64.65	65.79	-1.15	
      8845	64.55	65.66	-1.24	
      8908	64.65	65.79	-1.02	
      8970	64.55	65.66	-1.15	
      9032	64.65	65.79	-1.15	
      9095	64.65	65.79	-1.24	
      9157	64.65	65.92	-1.02	
      9220	64.65	65.79	-1.15	
      9282	64.74	65.79	-1.15	
      9344	64.65	65.79	-1.02	
      9407	64.65	65.79	-1.15	
      9469	64.55	65.92	-1.12	
      9532	64.55	65.66	-1.02	
      9594	64.65	65.66	-1.12	
      9656	64.65	65.79	-1.15	
      9719	64.55	65.66	-1.12	
      9781	64.55	65.66	-1.02	
      9844	64.55	65.66	-1.02	
      9906	64.65	65.79	-1.02	
      9968	64.65	65.66	-1.15	
     10031	64.55	65.66	-1.02	
     10093	64.55	65.66	-1.02	
     10156	64.65	65.66	-1.02	
     10218	64.55	65.66	-1.15	
     10280	64.65	65.66	-1.02	
     10343	64.65	65.79	-1.15	
     10405	64.55	65.66	-1.15	
     10468	64.55	65.66	-1.02	
     10530	64.65	65.66	-1.02	
     10592	64.65	65.79	-1.02	
     10655	64.55	65.66	-1.12	
     10717	64.65	65.66	-1.02	
     10780	64.65	65.54	-1.02	
     10842	64.55	65.66	-1.12	
     10904	64.55	65.66	-1.02	
     10967	64.55	65.66	-1.02	
     11029	64.55	65.66	-1.02	
     11092	64.55	65.66	-1.12	
     11154	64.55	65.66	-1.12	
     11216	64.55	65.66	-1.02	
     11279	64.45	65.54	-1.02	
     11341	64.35	65.28	-1.21	
     11404	64.35	65.41	-1.06	
     11466	64.35	65.41	-1.06	
     11528	64.35	65.41	-1.06	
     11591	64.45	65.41	-1.06	
     11653	64.35	65.28	-1.06	
     11716	64.35	65.41	-1.06	
     11778	64.35	65.41	-1.06	
     11840	64.35	65.41	-1.06	
     11903	64.35	65.41	-1.06	
     11965	64.35	65.41	-1.06	
     12028	64.35	65.41	-1.06	
     12090	64.35	65.41	-1.06	
     12152	64.25	65.41	-1.06	
     12215	63.86	65.02	-1.19	
     12277	62.69	63.36	-0.95	
     12340	61.91	62.98	-1.06	
     12402	59.46	60.80	-1.03	
     12464	51.83	53.50	-1.19	
     12527	34.62	35.46	-1.09	
     12589	8.02	9.60	-1.92	
     12652	0.00	1.92	3.33	
     12714	0.00	3.20	1.41	
     12776	0.00	3.20	0.77	
     12839	5.57	3.97	1.30	
     12901	18.39	16.13	2.04	
     12964	35.79	29.44	8.64	
     13026	54.18	43.14	8.64	
     13088	69.63	54.14	13.26	
     13151	83.33	64.77	17.42	
     13213	88.90	75.01	16.54	
     13276	89.10	83.46	8.39	
     13338	86.46	88.58	-1.49	
     13400	79.32	81.15	-2.10	
     13463	68.36	70.53	-2.85	
     13525	49.88	48.77	-3.72	
     13588	28.66	29.31	-3.56	
     13650	13.99	12.29	-2.80	
     13712	7.82	8.19	-2.06	
     13775	8.51	9.60	-1.09	
     13837	11.83	9.09	0.68	
     13900	26.01	22.91	2.33	
     13962	46.26	36.22	6.88	
     14024	67.97	49.15	16.06	
     14087	88.02	59.52	27.31	
     14149	95.36	70.02	26.76	
     14212	95.55	78.98	18.95	
     14274	90.95	87.55	7.18	
     14336	77.46	80.00	-3.36	
     14399	52.03	54.91	-6.96	
     14461	20.44	27.01	-8.62	
     14524	0.00	2.56	-0.56	
     14586	0.00	0.64	-3.33	
     14648	0.00	-0.77	-2.94	
     14711	0.00	-1.66	-1.79	
     14773	0.00	-0.64	-0.77	
     14836	0.00	0.64	1.66	
     14898	9.39	6.53	2.88	
     14960	25.43	20.48	3.02	
     15023	43.03	33.92	6.38	
     15085	63.37	46.85	12.59	
     15148	84.99	57.60	22.42	
     15210	99.36	68.10	29.86	
     15272	100.05	77.82	25.30	
     15335	100.05	86.14	16.21	
     15397	100.05	94.21	7.89	
     15460	98.19	98.30	-2.87	
     15522	99.66	99.46	-0.69	
     15584	99.66	99.07	0.56	
     15647	94.67	97.92	-2.90	
     15709	84.69	88.58	-3.97	
     15772	68.36	72.83	-5.64	
     15834	49.58	53.12	-6.43	
     15896	31.49	36.35	-5.41	
     15959	12.71	17.66	-6.42	
     16021	0.00	-0.64	-3.07	
     16084	0.00	-1.41	-2.30	
     16146	0.00	-1.02	-1.79	
     16208	0.00	-0.64	0.13	
     16271	5.77	1.79	2.51	
     16333	17.60	16.38	1.03	
     16396	29.44	27.52	0.30	
     16458	41.17	40.96	0.30	
     16520	53.20	52.86	0.39	
     16583	60.54	60.29	-0.32	
     16645	63.28	63.74	-0.79	
     16708	63.18	64.13	-0.88	
     16770	63.18	64.26	-0.88	
     16832	63.18	64.13	-0.88	
     16895	63.28	64.13	-0.85	
     16957	63.37	64.26	-0.85	
     17020	63.18	64.26	-0.88	
     17082	63.18	64.13	-0.95	
     17144	63.37	64.26	-0.85	
     17207	63.18	64.13	-0.95	
     17269	63.18	64.00	-0.85	
     17332	63.18	64.13	-0.85	
     17394	63.28	64.13	-0.85	
     17456	63.28	64.13	-0.98	
     17519	63.28	64.13	-0.95	
     17581	63.28	64.13	-0.82	
     17644	63.18	64.13	-0.85	
     17706	63.28	64.13	-0.75	
     17768	63.18	64.13	-0.85	
     17831	63.37	64.13	-0.75	
     17893	63.18	64.13	-0.88	
     17956	63.18	64.13	-0.88	
     18018	63.37	64.13	-0.85	
     18080	63.37	64.26	-0.95	
     18143	63.28	64.26	-0.98	
     18205	63.18	64.13	-0.85	
     18268	63.18	64.00	-0.95	
     18330	63.18	64.26	-0.85	
     18392	63.18	64.00	-0.82	
     18455	63.37	64.13	-0.85	
     18517	63.28	64.13	-0.75	
     18580	63.18	64.26	-0.75	
     18642	63.28	64.13	-0.85	
     18704	63.18	64.13	-0.85	
     18767	63.28	64.13	-0.85	
     18829	63.28	64.26	-0.75	
     18892	63.28	64.13	-0.85	
     18954	63.37	64.00	-0.85	
     19016	63.28	64.26	-0.88	
     19079	63.18	64.26	-0.88	
     19141	63.18	64.13	-0.85	
     19204	63.37	64.26	-0.85	
     19266	63.28	64.26	-0.95	
     19328	63.37	64.13	-0.85	
     19391	63.28	64.13	-0.95	
     19453	63.37	64.26	-0.82	
     19516	63.47	64.38	-0.85	
     19578	63.37	64.13	-0.98	
     19640	63.37	64.26	-0.85	
     19703	63.28	64.26	-0.85	
     19765	63.37	64.26	-0.85	
     19828	63.18	64.00	-0.85	
     19890	63.37	64.26	-0.85	
     19952	63.18	64.13	-0.75	
     20015	63.28	64.13	-0.85	
     20077	63.37	64.26	-0.85	
     20140	63.37	64.26	-0.85	
     20202	63.28	64.26	-0.88	
     20264	63.37	64.26	-0.85	
     20327	63.28	64.13	-0.85	
     20389	63.37	64.26	-0.75	
     20452	63.37	64.26	-0.98	
     20514	63.18	64.13	-0.85	
     20576	63.37	64.13	-0.85	
     20639	63.37	64.26	-0.88	
     20701	63.37	64.26	-0.98	
     20764	63.08	64.38	-0.85	
     20826	58.78	60.42	-2.69	
     20888	42.64	44.42	-3.48	
     20951	6.26	14.34	-5.01	
     21013	0.00	4.22	0.64	
     21076	0.00	3.71	0.64	
     21138	0.00	3.07	-0.13	
     21200	2.84	2.69	-3.00	
     21263	11.34	12.16	0.92	
     21325	19.27	18.18	1.21	
     21388	31.69	30.72	0.03	
     21450	44.89	42.75	1.76	
     21512	60.54	54.78	4.84	
     21575	72.96	64.26	7.55	
     21637	81.57	73.34	8.22	
     21700	84.30	82.69	3.27	
     21762	84.50	85.63	-1.29	
     21824	84.40	85.63	-1.23	
     21887	84.50	85.76	-1.23	
     21949	84.40	85.76	-1.26	
     22012	84.50	85.63	-1.36	
     22074	84.50	85.50	-1.23	
     22136	84.40	85.63	-1.23	
     22199	84.50	85.76	-1.10	
     22261	84.40	85.50	-1.23	
     22324	84.50	85.76	-1.23	
     22386	84.40	85.63	-1.23	
     22449	84.40	85.76	-1.23	
     22511	84.40	85.63	-1.23	
     22573	84.40	85.63	-1.23	
     22636	84.30	85.63	-1.23	
     22698	84.40	85.63	-1.23	
     22761	84.40	85.63	-1.23	
     22823	84.40	85.63	-1.23	
     22885	84.40	85.76	-1.26	
     22948	84.40	85.63	-1.23	
     23010	84.50	85.63	-1.23	
     23073	84.40	85.89	-1.23	
     23135	84.40	85.63	-1.36	
     23197	84.30	85.63	-1.23	
     23260	84.50	85.63	-1.23	
     23322	84.50	85.76	-1.10	
     23385	84.40	85.63	-1.23	
     23447	84.40	85.63	-1.10	
     23509	84.40	85.50	-1.23	
     23572	84.30	85.63	-1.23	
     23634	84.40	85.63	-1.23	
     23697	84.40	85.63	-1.23	
     23759	84.40	85.63	-1.23	
     23821	84.40	85.63	-1.23	
     23884	84.40	85.63	-1.23	
     23946	84.40	85.63	-1.23	
     24009	84.50	85.76	-1.26	
     24071	84.40	85.63	-1.23	
     24133	84.40	85.50	-1.23	
     24196	84.50	85.63	-1.23	
     24258	84.40	85.63	-1.36	
     24321	84.50	85.63	-1.23	
     24383	84.40	85.63	-1.23	
     24445	84.40	85.76	-1.26	
     24508	84.40	85.63	-1.36	
     24570	84.40	85.63	-1.10	
     24633	84.40	85.76	-1.23	
     24695	84.40	85.63	-1.36	
     24757	84.40	85.63	-1.23	
     24820	84.40	85.63	-1.23	
     24882	84.40	85.63	-1.23	
     24945	84.40	85.63	-1.23	
     25007	84.40	85.63	-1.23	
     25069	84.40	85.50	-1.23	
     25132	84.50	85.63	-1.36	
     25194	84.50	85.76	-1.36	
     25257	84.40	85.63	-1.10	
     25319	84.50	85.76	-1.23	
     25381	84.50	85.63	-1.13	
     25444	84.50	85.76	-1.26	
     25506	84.30	85.76	-1.23	
     25569	84.50	85.50	-1.23	
     25631	84.40	85.89	-1.23	
     25693	84.40	85.50	-1.10	
     25756	84.50	85.76	-1.23	
     25818	84.40	85.63	-1.10	
     25881	84.50	85.63	-1.10	
     25943	84.40	85.76	-1.10	
     26005	84.50	85.38	-1.10	
     26068	84.40	85.50	-1.10	
     26130	84.40	85.50	-1.10	
     26193	84.30	85.50	-1.10	
     26255	84.50	85.63	-1.10	
     26317	84.30	85.38	-1.13	
     26380	84.40	85.50	-1.10	
     26442	84.40	85.50	-1.10	
     26505	84.50	85.50	-1.10	
     26567	84.40	85.63	-1.13	
     26629	84.40	85.50	-1.23	
     26692	84.50	85.63	-1.10	
     26754	84.40	85.63	-1.13	
     26817	84.50	85.50	-1.23	
     26879	84.40	85.38	-0.97	
     26941	84.40	85.63	-1.10	
     27004	84.30	85.38	-1.10	
     27066	84.40	85.38	-1.10	
     27129	84.30	85.38	-1.10	
     27191	84.50	85.50	-1.10	
     27253	84.40	85.50	-1.00	
     27316	84.40	85.50	-1.10	
     27378	84.50	85.76	-1.10	
     27441	84.40	85.50	-1.10	
     27503	84.40	85.50	-1.10	
     27565	84.40	85.50	-1.10	
     27628	84.60	85.50	-1.10	
     27690	84.40	85.63	-1.13	
     27753	84.40	85.50	-1.13	
     27815	84.40	85.50	-1.10	
     27877	84.50	85.63	-1.10	
     27940	84.40	85.63	-1.10	
     28002	84.30	85.38	-1.10	
     28065	84.40	85.63	-1.10	
     28127	84.50	85.63	-1.10	
     28189	84.40	85.38	-1.10	
     28252	84.40	85.50	-0.97	
     28314	84.40	85.50	-1.10	
     28377	84.40	85.38	-1.10	
     28439	84.40	85.50	-1.10	
     28501	84.30	85.38	-1.00	
     28564	84.40	85.38	-1.10	
     28626	84.40	85.38	-1.10	
     28689	84.40	85.50	-1.10	
     28751	84.40	85.38	-1.10	
     28813	84.50	85.63	-1.00	
     28876	84.40	85.63	-1.13	
     28938	84.40	85.38	-1.10	
     29001	84.40	85.38	-0.97	
     29063	84.40	85.50	-1.10	
     29125	84.30	85.38	-0.97	
     29188	84.40	85.38	-1.10	
     29250	84.50	85.63	-0.97	
     29313	84.40	85.50	-1.13	
     29375	84.40	85.38	-0.97	
     29437	84.40	85.38	-1.10	
     29500	84.40	85.38	-0.97	
     29562	84.40	85.38	-1.10	
     29625	84.40	85.38	-0.97	
     29687	84.40	85.38	-1.10	
     29749	84.40	85.38	-0.97	
     29812	84.40	85.38	-0.97	
     29874	84.40	85.38	-0.97	
     29937	84.50	85.50	-1.10	
     29999	84.40	85.38	-1.13	
     30061	84.40	85.38	-1.10	
     30124	84.21	85.38	-1.07	
     30186	84.50	85.38	-0.88	
     30249	83.23	84.86	-1.11	
     30311	75.11	78.72	-1.13	
     30373	57.90	64.90	-1.91	
     30436	27.87	33.92	0.02	
     30498	0.00	-5.89	-8.66	
     30561	0.00	0.51	-3.46	
     30623	0.00	-0.90	-3.46	
     30685	9.39	0.26	1.95	
     30748	30.90	12.54	16.11	
     30810	55.65	27.39	25.27	
     30873	73.94	40.19	32.19	
     30935	81.57	52.48	31.09	
     30997	81.66	62.46	21.80	
     31060	75.99	71.68	9.29	
     31122	61.42	62.21	-3.11	
     31185	45.97	44.67	-2.83	
     31247	33.25	32.51	-0.94	
     31309	29.63	29.06	-1.19	
     31372	32.47	31.49	-0.25	
     31434	45.28	42.62	1.74	
     31497	62.59	54.02	6.47	
     31559	85.87	64.77	16.64	
     31621	99.85	74.11	27.75	
     31684	100.05	82.69	19.41	
     31746	100.05	91.52	10.45	
     31809	99.95	98.82	2.90	
     31871	100.05	99.07	0.75	
     31933	100.05	99.07	0.59	
     31996	100.05	99.33	0.59	
     32058	99.95	99.07	0.98	
     32121	99.36	99.07	-0.13	
     32183	100.05	99.46	0.59	
     32245	94.18	97.66	-2.21	
     32308	76.09	84.48	-4.44	
     32370	47.24	57.73	-4.83	
     32433	7.34	14.46	-2.18	
     32495	0.00	4.35	-2.18	
     32557	0.00	3.58	-1.02	
     32620	0.00	2.56	-3.58	
     32682	14.18	6.78	5.38	
     32745	34.23	21.89	9.49	
     32807	64.45	35.46	21.50	
     32869	99.76	48.13	45.87	
     32932	100.05	58.62	43.99	
     32994	100.05	68.86	33.62	
     33057	100.05	77.82	24.66	
     33119	100.05	86.78	15.53	
     33181	86.65	93.82	0.40	
     33244	60.34	67.58	-1.31	
     33306	19.66	23.42	-8.45	
     33369	0.00	-0.26	2.18	
     33431	0.00	-0.64	1.15	
     33493	6.94	0.77	0.78	
     33556	41.66	14.21	18.62	
     33618	83.42	29.18	44.31	
     33681	99.95	41.60	61.17	
     33743	100.05	54.02	50.00	
     33805	100.05	64.00	38.61	
     33868	100.05	72.83	29.14	
     33930	100.05	82.43	19.67	
     33993	100.05	91.26	10.83	
     34055	99.76	98.30	3.44	
     34117	99.56	99.07	0.75	
     34180	97.21	99.07	-0.32	
     34242	85.38	87.30	-3.25	
     34305	55.16	62.34	-8.10	
     34367	0.00	7.68	-3.28	
     34429	0.00	5.38	-0.77	
     34492	0.00	4.86	0.38	
     34554	0.00	3.33	-0.51	
     34617	1.47	2.43	-0.26	
     34679	7.92	9.73	-0.78	
     34741	11.83	13.44	-1.30	
     34804	12.42	15.36	-2.84	
     34866	12.32	15.49	-2.94	
     34929	8.90	12.03	-3.04	
     34991	1.86	5.50	-2.99	
     35053	0.00	1.41	1.02	
     35116	0.00	1.92	0.51	
     35178	0.00	1.41	-0.13	
     35241	0.00	1.02	0.51	
     35303	0.00	1.28	-0.90	
     35365	0.00	1.66	0.26	
     35428	0.00	1.41	0.38	
     35490	0.00	1.02	0.00	
