Created	03/05/16 16:40:45
Calibration	antiwindup1_013_000

Timestamp (mS)	Accelerator_Pedal_Position	Electronic_Throttle_feedback	Error	
        15	93.11	92.29	0.17	
        78	91.93	92.54	0.17	
       140	87.82	89.09	-1.84	
       203	80.00	81.02	-2.23	
       265	66.70	68.86	-3.21	
       327	47.24	51.58	-5.31	
       390	26.41	33.66	-3.81	
       452	15.84	18.43	-0.58	
       515	13.59	13.31	1.97	
       577	18.58	15.62	1.97	
       639	34.23	28.42	3.21	
       702	51.35	42.24	7.34	
       764	70.51	54.78	13.08	
       827	86.55	64.90	20.45	
       889	94.38	74.50	20.55	
       951	99.07	83.58	16.33	
      1014	99.76	91.78	9.86	
      1076	99.66	99.58	1.23	
      1139	99.36	99.33	0.10	
      1201	99.36	99.20	0.16	
      1263	99.56	99.20	0.16	
      1326	99.46	99.33	0.20	
      1388	99.36	99.20	0.16	
      1451	99.46	99.20	0.13	
      1513	99.46	99.20	0.16	
      1575	99.46	99.33	0.20	
      1638	99.46	99.20	0.26	
      1700	99.46	99.20	0.26	
      1763	99.46	99.20	0.26	
      1825	99.46	99.20	0.20	
      1887	98.68	99.20	0.26	
      1950	95.75	98.56	-1.28	
      2012	83.13	86.40	-1.26	
      2075	54.57	59.78	-4.84	
      2137	15.84	24.19	-0.89	
      2199	0.00	-2.56	-0.26	
      2262	0.00	-0.90	-1.92	
      2324	0.00	0.64	-1.28	
      2387	8.61	2.05	3.19	
      2449	28.36	16.00	9.62	
      2511	54.77	30.59	18.70	
      2574	80.88	44.42	33.28	
      2636	99.27	55.68	45.03	
      2699	100.05	66.05	36.95	
      2761	100.05	75.39	27.09	
      2823	100.05	84.99	17.11	
      2886	100.05	92.80	8.91	
      2948	98.29	99.20	0.61	
      3011	100.05	99.07	0.23	
      3073	97.51	99.33	0.16	
      3135	90.86	92.67	-1.36	
      3198	82.25	83.07	-2.36	
      3260	69.05	71.94	-4.02	
      3323	52.62	57.98	-5.42	
      3385	35.79	41.22	-4.68	
      3447	20.44	26.88	-2.51	
      3510	4.99	8.70	-0.43	
      3572	0.00	1.92	1.92	
      3635	0.00	-0.13	0.64	
      3697	0.00	1.28	-1.28	
      3759	0.00	1.28	-1.28	
      3822	5.28	1.79	2.05	
      3884	16.33	16.13	0.57	
      3947	29.05	25.34	2.73	
      4009	42.15	39.04	2.86	
      4071	56.04	50.30	6.08	
      4134	68.26	61.82	6.08	
      4196	75.31	71.81	4.79	
      4259	75.99	77.18	-1.22	
      4321	76.09	77.18	-1.19	
      4383	75.99	77.31	-1.32	
      4446	75.99	77.18	-1.19	
      4508	75.99	77.18	-1.19	
      4571	75.99	77.18	-1.19	
      4633	76.09	77.18	-1.19	
      4695	75.99	77.18	-1.19	
      4758	75.99	77.31	-1.19	
      4820	75.99	77.31	-1.10	
      4883	76.09	77.44	-1.32	
      4945	75.99	77.18	-1.19	
      5007	75.99	77.31	-1.35	
      5070	75.99	77.31	-1.22	
      5132	76.09	77.44	-1.19	
      5195	75.99	77.18	-1.19	
      5257	76.09	77.31	-1.19	
      5319	75.99	77.18	-1.35	
      5382	75.99	77.18	-1.19	
      5444	76.09	77.18	-1.19	
      5507	75.99	77.18	-1.19	
      5569	75.99	77.18	-1.19	
      5631	75.99	77.18	-1.19	
      5694	75.99	77.18	-1.19	
      5756	75.99	77.18	-1.19	
      5819	75.99	77.18	-1.19	
      5881	75.99	77.18	-1.19	
      5943	76.09	77.18	-1.19	
      6006	75.99	77.31	-1.35	
      6068	75.99	77.18	-1.19	
      6131	75.99	77.18	-1.19	
      6193	75.99	77.31	-1.35	
      6255	75.99	77.18	-1.32	
      6318	75.99	77.18	-1.19	
      6380	76.09	77.31	-1.07	
      6443	75.99	77.31	-1.35	
      6505	75.99	77.31	-1.22	
      6567	75.99	77.18	-1.19	
      6630	75.99	77.31	-1.19	
      6692	75.99	77.18	-1.19	
      6755	75.99	77.18	-1.19	
      6817	75.99	77.18	-1.32	
      6879	75.99	77.18	-1.19	
      6942	75.99	77.18	-1.19	
      7004	75.99	77.18	-1.32	
      7067	75.99	77.18	-1.19	
      7129	75.99	77.31	-1.22	
      7191	75.99	77.18	-1.19	
      7254	75.99	77.18	-1.10	
      7316	75.99	77.18	-1.19	
      7379	75.99	77.18	-1.10	
      7441	75.99	77.18	-1.19	
      7503	76.09	77.44	-1.19	
      7566	76.09	77.31	-1.19	
      7628	75.99	77.31	-1.22	
      7691	75.99	77.18	-1.19	
      7753	76.09	77.18	-1.19	
      7815	76.09	77.18	-1.32	
      7878	75.99	77.18	-1.19	
      7940	75.99	77.18	-1.19	
      8003	76.09	77.31	-1.19	
      8065	75.99	77.18	-1.19	
      8127	75.99	77.18	-1.19	
      8190	75.99	77.18	-1.19	
      8252	76.09	77.18	-1.19	
      8315	75.99	77.18	-1.32	
      8377	75.99	77.44	-1.19	
      8439	75.99	77.31	-1.19	
      8502	75.99	77.18	-1.10	
      8564	75.99	77.31	-1.35	
      8627	75.99	77.18	-1.10	
      8689	76.09	77.18	-1.19	
      8751	76.09	77.31	-1.22	
      8814	75.99	77.18	-1.19	
      8876	75.99	77.18	-1.19	
      8939	75.99	77.18	-1.32	
      9001	75.99	77.18	-1.19	
      9063	75.99	77.18	-1.19	
      9126	76.09	77.18	-1.19	
      9188	75.99	77.18	-1.19	
      9251	75.99	77.31	-1.19	
      9313	75.99	77.18	-1.10	
      9375	75.99	77.18	-1.19	
      9438	75.99	77.18	-1.19	
      9500	75.99	77.18	-1.19	
      9563	75.99	77.18	-1.19	
      9625	75.99	77.44	-1.10	
      9687	75.99	77.44	-1.19	
      9750	76.09	77.18	-1.19	
      9812	76.09	77.31	-1.19	
      9875	75.99	77.44	-1.22	
      9937	75.99	77.18	-1.19	
      9999	75.99	77.18	-1.19	
     10062	76.09	77.18	-1.19	
     10124	76.09	77.31	-1.19	
     10187	75.99	77.18	-1.19	
     10249	75.99	77.18	-1.10	
     10311	75.99	77.31	-1.19	
     10374	75.99	77.18	-1.10	
     10436	75.99	77.18	-1.10	
     10499	75.99	77.18	-1.10	
     10561	75.99	77.18	-1.19	
     10623	75.99	77.18	-1.10	
     10686	75.99	77.18	-1.19	
     10748	76.09	77.18	-1.19	
     10811	75.99	77.18	-1.22	
     10873	75.99	77.31	-1.19	
     10935	75.99	77.18	-1.10	
     10998	76.19	77.18	-1.22	
     11060	76.19	77.18	-1.19	
     11123	75.99	77.18	-1.19	
     11185	76.09	77.18	-1.19	
     11247	76.09	77.31	-1.19	
     11310	75.99	77.18	-1.22	
     11372	75.99	77.18	-1.19	
     11435	76.09	77.18	-1.10	
     11497	75.99	77.18	-1.19	
     11559	75.99	77.18	-1.19	
     11622	75.99	77.18	-1.10	
     11684	75.99	77.18	-1.19	
     11747	75.99	77.18	-1.19	
     11809	75.99	77.18	-1.19	
     11871	75.99	77.18	-1.19	
     11934	75.99	77.31	-1.10	
     11996	75.99	77.18	-1.22	
     12059	75.99	77.18	-1.19	
     12121	76.19	77.18	-1.19	
     12183	75.99	77.18	-1.10	
     12246	75.99	77.18	-1.19	
     12308	76.09	77.18	-1.19	
     12371	76.09	77.31	-1.19	
     12433	75.99	77.31	-1.22	
     12495	75.99	77.18	-1.19	
     12558	75.99	77.18	-1.19	
     12620	75.99	77.18	-1.10	
     12683	75.99	77.18	-1.19	
     12745	75.99	77.18	-1.19	
     12807	75.99	77.18	-1.19	
     12870	75.99	77.18	-1.10	
     12932	75.99	77.18	-1.19	
     12995	75.99	77.18	-1.19	
     13057	75.99	77.18	-1.19	
     13119	75.99	77.31	-1.22	
     13182	75.99	77.18	-1.19	
     13244	76.09	77.18	-1.19	
     13307	76.09	77.18	-1.19	
     13369	75.99	77.31	-1.22	
     13431	75.99	77.18	-1.19	
     13494	76.09	77.18	-1.10	
     13556	75.99	77.18	-1.22	
     13619	76.09	77.18	-1.19	
     13681	75.99	77.18	-1.19	
     13743	75.99	77.18	-1.19	
     13806	75.99	77.18	-1.10	
     13868	75.99	77.18	-1.19	
     13931	75.99	77.18	-1.10	
     13993	75.99	77.18	-1.19	
     14055	75.99	77.18	-1.10	
     14118	75.99	77.18	-1.19	
     14180	75.99	77.18	-1.19	
     14243	75.99	77.18	-1.19	
     14305	75.99	77.18	-1.10	
     14367	75.99	77.18	-1.19	
     14430	76.09	77.18	-1.10	
     14492	75.99	77.44	-1.22	
     14555	76.09	77.31	-1.22	
     14617	76.09	77.18	-1.10	
     14679	75.99	77.18	-1.19	
     14742	75.99	77.18	-1.10	
     14804	75.99	77.18	-1.10	
     14867	76.09	77.18	-1.19	
     14929	76.09	77.31	-1.07	
     14991	75.99	77.18	-1.19	
     15054	75.99	77.18	-1.19	
     15116	75.99	77.18	-1.10	
     15179	75.99	77.18	-1.10	
     15241	76.09	77.18	-1.19	
     15303	75.99	77.18	-1.19	
     15366	75.99	77.18	-1.19	
     15428	75.99	77.31	-1.19	
     15491	75.99	77.18	-1.19	
     15553	76.09	77.18	-1.10	
     15615	75.99	77.31	-1.22	
     15678	76.09	77.18	-1.19	
     15740	76.09	77.18	-1.19	
     15803	76.09	77.18	-1.10	
     15865	75.99	77.18	-1.19	
     15927	75.99	77.18	-1.19	
     15990	76.09	77.18	-1.19	
     16052	76.19	77.18	-1.19	
     16115	75.99	77.18	-1.10	
     16177	76.09	77.06	-1.19	
     16239	76.09	77.31	-1.10	
     16302	76.09	77.18	-1.10	
     16364	76.09	77.31	-1.19	
     16427	75.99	77.18	-1.10	
     16489	75.99	77.06	-1.19	
     16551	75.99	77.06	-1.10	
     16614	76.09	77.18	-1.10	
     16676	75.99	77.18	-1.19	
     16739	76.09	77.18	-1.10	
     16801	75.99	77.31	-1.10	
     16863	75.99	77.06	-1.19	
     16926	75.99	77.18	-1.07	
     16988	75.99	77.31	-1.10	
     17051	76.09	77.18	-1.10	
     17113	76.09	77.18	-1.19	
     17175	76.09	77.18	-1.10	
     17238	75.99	77.18	-1.19	
     17300	75.99	77.18	-0.97	
     17363	75.99	77.06	-1.10	
     17425	75.99	77.18	-0.97	
     17487	75.99	77.06	-1.19	
     17550	75.99	77.06	-0.97	
     17612	76.09	77.06	-1.07	
     17675	76.09	77.18	-1.10	
     17737	75.99	77.18	-1.10	
     17799	75.99	77.06	-1.19	
     17862	75.99	77.06	-1.07	
     17924	75.99	77.18	-1.10	
     17987	75.99	77.06	-1.19	
     18049	75.99	77.06	-1.19	
     18111	76.09	77.18	-1.19	
     18174	76.19	77.18	-1.10	
     18236	75.99	77.06	-1.10	
     18299	76.09	77.18	-1.07	
     18361	75.99	77.18	-1.10	
     18423	75.99	77.18	-1.07	
     18486	76.09	77.06	-1.07	
     18548	75.99	77.06	-1.19	
     18611	75.99	77.06	-1.07	
     18673	76.09	77.06	-1.19	
     18735	75.99	77.06	-0.97	
     18798	75.99	77.06	-1.07	
     18860	75.99	77.18	-1.10	
     18923	75.99	77.06	-1.07	
     18985	75.99	77.06	-1.19	
     19047	76.09	77.06	-1.07	
     19110	75.99	77.18	-1.10	
     19172	75.99	77.31	-1.19	
     19235	76.09	77.06	-0.97	
     19297	76.09	77.18	-1.10	
     19359	75.99	77.18	-1.10	
     19422	76.09	77.06	-1.19	
     19484	75.99	77.18	-0.97	
     19547	75.99	77.06	-1.07	
     19609	75.99	77.06	-1.10	
     19671	75.99	77.06	-1.07	
     19734	76.09	77.18	-1.19	
     19796	75.99	77.06	-0.94	
     19859	75.99	77.06	-1.10	
     19921	75.99	77.31	-0.97	
     19983	75.99	77.06	-1.07	
     20046	75.99	77.06	-1.19	
     20108	75.99	77.18	-0.97	
     20171	75.99	77.06	-0.97	
     20233	76.19	77.06	-0.97	
