Created	03/05/16 16:38:58
Calibration	antiwindup1_013_000

Timestamp (mS)	Accelerator_Pedal_Position	Electronic_Throttle_feedback	Error	
        47	42.64	42.24	0.03	
       109	45.97	45.31	-0.13	
       171	49.88	49.54	0.37	
       234	54.38	54.27	0.33	
       296	58.68	57.60	1.76	
       359	63.18	60.93	1.58	
       421	68.66	67.33	0.15	
       483	74.03	73.73	0.69	
       546	81.27	79.87	1.51	
       608	89.29	87.68	2.15	
       671	95.94	95.49	0.87	
       733	99.95	99.20	0.93	
       795	99.95	99.20	0.75	
       858	100.05	99.20	0.98	
       920	100.05	99.46	0.85	
       983	100.05	99.20	0.85	
      1045	100.05	99.20	0.85	
      1107	100.05	99.71	0.47	
      1170	89.58	92.16	-3.23	
      1232	66.99	70.02	-5.94	
      1295	36.58	45.18	-7.23	
      1357	0.20	8.32	0.32	
      1419	0.00	3.58	1.54	
      1482	0.00	2.82	0.38	
      1544	0.00	2.69	-0.13	
      1607	6.65	6.40	1.26	
      1669	22.59	19.20	2.55	
      1731	39.90	32.77	5.94	
      1794	58.19	45.95	10.96	
      1856	72.76	56.96	14.92	
      1919	86.46	66.56	19.20	
      1981	96.72	76.80	20.14	
      2043	99.95	85.12	16.75	
      2106	100.05	92.93	8.79	
      2168	100.05	99.46	0.59	
      2231	100.05	99.46	0.59	
      2293	99.76	99.33	0.75	
      2355	100.05	98.69	1.78	
      2418	99.95	99.46	0.59	
      2480	97.21	98.82	-1.27	
      2543	92.52	95.10	-1.50	
      2605	87.04	89.09	-1.44	
      2667	81.57	84.22	-1.35	
      2730	76.28	78.98	-0.80	
      2792	69.93	72.70	-1.34	
      2855	62.30	64.77	-1.00	
      2917	55.26	58.11	-1.48	
      2979	48.70	51.58	-0.99	
      3042	43.03	45.31	-0.56	
      3104	37.46	39.81	-1.30	
      3167	33.25	35.33	-1.06	
      3229	28.46	30.85	-1.34	
      3292	24.74	26.75	-1.20	
      3354	20.73	22.91	-0.72	
      3416	15.94	18.18	-0.87	
      3479	11.44	13.31	-0.48	
      3541	8.51	9.86	-0.90	
      3604	7.53	8.19	-0.82	
      3666	7.43	8.19	-0.79	
      3728	9.68	9.09	0.47	
      3791	14.57	13.82	0.36	
      3853	19.76	20.22	1.05	
      3916	24.45	24.96	0.95	
      3978	28.75	27.52	0.90	
      4040	32.96	32.64	0.90	
      4103	37.75	36.35	1.24	
      4165	41.76	40.70	1.10	
      4228	45.18	44.03	0.69	
      4290	48.70	48.00	0.88	
      4352	52.62	51.71	0.82	
      4415	56.04	54.27	1.20	
      4477	59.95	58.88	0.06	
      4540	63.96	62.85	0.04	
      4602	67.58	66.18	0.37	
      4664	71.20	70.40	0.53	
      4727	75.21	73.98	0.22	
      4789	79.90	79.23	-0.02	
      4852	83.91	82.30	2.14	
      4914	86.46	85.50	0.30	
      4976	87.53	87.42	-0.06	
      5039	87.53	87.42	0.04	
      5101	87.34	87.17	-0.02	
      5164	87.24	87.17	-0.06	
      5226	87.14	87.30	-0.06	
      5288	86.55	87.42	-0.65	
      5351	85.67	86.91	-1.23	
      5413	84.11	85.38	-0.78	
      5476	82.35	83.71	-0.97	
      5538	79.80	81.66	-1.14	
      5600	77.07	78.98	-1.13	
      5663	73.74	75.39	-0.97	
      5725	70.32	72.45	-1.44	
      5788	67.29	68.86	-0.95	
      5850	64.25	65.92	-1.43	
      5912	61.61	62.46	-1.57	
      5975	58.68	59.65	-1.56	
      6037	55.94	56.58	-1.38	
      6100	53.40	53.76	-0.99	
      6162	51.25	52.35	-1.63	
      6224	49.49	50.69	-1.96	
      6287	47.63	49.15	-1.39	
      6349	47.14	48.00	-0.89	
      6412	47.24	48.13	-0.89	
      6474	47.24	48.00	-0.76	
      6536	47.43	47.87	-0.79	
      6599	48.31	48.13	0.18	
      6661	50.66	50.56	1.20	
      6724	53.79	53.25	0.72	
      6786	56.72	55.94	0.96	
      6848	60.05	58.62	1.18	
      6911	63.08	62.34	0.81	
      6973	65.62	65.79	0.80	
      7036	68.07	67.46	0.88	
      7098	70.32	69.38	1.09	
      7160	73.06	72.58	0.92	
      7223	75.40	74.37	0.67	
      7285	78.83	77.31	0.66	
      7348	81.96	80.64	0.92	
      7410	84.99	84.10	0.08	
      7472	87.92	87.42	0.17	
      7535	90.66	90.50	0.72	
      7597	92.23	91.52	0.95	
      7660	93.89	93.06	-0.04	
      7722	95.94	96.13	0.64	
      7784	96.53	95.87	0.14	
      7847	96.53	96.13	0.24	
      7909	96.43	96.26	0.11	
      7972	96.24	96.00	0.11	
      8034	95.84	96.00	-0.06	
      8096	94.77	96.00	-0.87	
      8159	93.40	94.34	-1.09	
      8221	92.23	93.18	-1.28	
      8284	91.05	91.78	-1.55	
      8346	89.68	90.50	-1.19	
      8408	86.94	87.55	-1.39	
      8471	84.21	84.61	-1.57	
      8533	81.37	82.18	-1.59	
      8596	78.14	78.59	-1.68	
      8658	74.62	75.52	-1.05	
      8720	71.00	72.70	-1.05	
      8783	66.80	68.22	-0.42	
      8845	63.08	64.13	0.18	
      8908	59.66	61.18	-0.81	
      8970	55.94	57.60	-0.94	
      9032	52.42	54.14	-1.00	
      9095	48.90	50.94	-1.25	
      9157	44.50	46.72	-1.15	
      9220	40.39	42.75	-1.19	
      9282	36.87	38.53	-1.52	
      9344	33.06	34.82	-1.45	
      9407	30.12	31.87	-1.32	
      9469	27.19	29.31	-1.21	
      9532	25.23	26.50	-0.81	
      9594	23.57	24.58	-0.61	
      9656	22.30	23.30	-0.83	
      9719	19.95	20.86	-1.03	
      9781	17.60	18.18	-1.96	
      9844	14.28	15.23	-1.96	
      9906	11.74	12.29	-1.65	
      9968	10.37	11.90	-1.53	
     10031	9.58	10.62	-0.94	
     10093	9.49	10.62	-1.14	
     10156	9.49	10.62	-1.14	
     10218	9.49	10.62	-1.14	
     10280	9.49	10.62	-1.14	
     10343	9.88	10.50	-0.81	
     10405	10.37	10.24	-0.04	
     10468	12.52	11.90	0.06	
     10530	15.16	14.46	-0.21	
     10592	19.07	19.07	-0.66	
     10655	22.40	22.27	-0.21	
     10717	26.21	25.98	-0.68	
     10780	29.44	29.95	0.38	
     10842	32.57	32.77	0.41	
     10904	34.91	35.20	0.68	
     10967	37.36	37.76	0.60	
     11029	39.71	40.06	0.93	
     11092	41.66	41.34	0.76	
     11154	43.03	42.11	0.21	
     11216	44.89	44.54	-0.01	
     11279	46.94	46.08	0.12	
     11341	48.70	48.38	0.12	
     11404	50.86	51.20	0.63	
     11466	52.42	50.82	-0.23	
     11528	54.38	54.02	-0.23	
     11591	56.72	57.22	0.29	
     11653	58.00	57.34	0.67	
     11716	59.95	58.88	0.33	
     11778	61.61	60.80	1.09	
     11840	63.37	62.21	0.65	
     11903	65.33	65.54	-0.41	
     11965	66.90	66.30	0.83	
     12028	68.36	67.97	0.76	
     12090	69.63	68.86	0.76	
     12152	71.39	70.40	0.25	
     12215	73.06	73.47	0.99	
     12277	74.03	73.47	0.08	
     12340	75.70	75.78	0.36	
     12402	76.87	76.16	0.73	
     12464	78.14	77.44	0.57	
     12527	79.22	78.85	0.05	
     12589	80.98	80.77	0.78	
     12652	82.45	82.43	0.64	
     12714	83.72	83.58	0.80	
     12776	84.69	84.10	0.18	
     12839	85.97	84.35	1.22	
     12901	87.24	84.99	2.17	
     12964	87.92	88.32	-0.21	
     13026	88.61	88.06	0.22	
     13088	89.88	89.09	0.30	
     13151	90.66	90.50	0.10	
     13213	91.54	91.26	0.34	
     13276	92.42	91.90	0.86	
     13338	93.40	92.93	0.50	
     13400	93.99	93.18	0.83	
     13463	94.38	93.95	0.71	
     13525	94.38	93.82	0.36	
     13588	94.47	93.82	0.55	
     13650	94.28	94.34	0.39	
     13712	94.28	93.82	0.46	
     13775	94.28	94.08	0.36	
     13837	93.89	94.08	-0.06	
     13900	93.30	94.08	-0.58	
     13962	92.91	93.95	-0.97	
     14024	92.52	93.82	-1.08	
     14087	91.93	92.80	-1.18	
     14149	91.05	92.16	-1.36	
     14212	90.37	91.52	-1.21	
     14274	89.58	90.50	-1.20	
     14336	89.00	90.11	-1.17	
     14399	88.51	89.60	-0.90	
     14461	87.73	88.83	-0.97	
     14524	86.85	88.06	-0.92	
     14586	85.87	87.04	-1.10	
     14648	84.69	85.38	-0.39	
     14711	84.01	84.99	-0.91	
     14773	83.33	84.61	-1.12	
     14836	82.45	83.58	-1.29	
     14898	82.25	82.82	-0.57	
     14960	81.47	82.56	-1.18	
     15023	80.78	81.79	-1.20	
     15085	79.80	80.51	-1.05	
     15148	78.83	80.00	-1.17	
     15210	78.04	79.36	-1.02	
     15272	77.46	78.59	-1.07	
     15335	76.77	77.95	-1.11	
     15397	76.38	77.18	-0.70	
     15460	75.99	77.06	-1.10	
     15522	75.31	76.42	-1.33	
     15584	73.84	75.39	-0.93	
     15647	72.86	73.98	-0.93	
     15709	71.59	73.09	-1.08	
     15772	70.81	71.94	-0.81	
     15834	70.12	71.04	-1.36	
     15896	70.02	70.91	-0.76	
     15959	70.02	70.78	-0.89	
     16021	70.02	70.91	-0.76	
     16084	70.02	70.78	-0.76	
     16146	70.02	70.78	-0.76	
     16208	70.02	70.78	-0.76	
     16271	70.02	70.78	-0.86	
     16333	70.02	70.66	-0.76	
     16396	70.02	70.78	-0.76	
     16458	70.02	70.91	-0.86	
     16520	70.02	70.78	-0.86	
     16583	70.02	70.78	-0.76	
     16645	70.02	70.78	-0.76	
     16708	69.93	70.78	-0.76	
     16770	70.02	70.78	-0.76	
     16832	70.02	70.78	-0.76	
     16895	70.02	70.78	-0.79	
     16957	70.02	70.78	-0.76	
     17020	70.02	70.78	-0.76	
     17082	70.02	70.91	-0.89	
     17144	70.02	70.78	-0.76	
     17207	70.02	70.78	-0.76	
     17269	70.02	70.78	-0.76	
     17332	70.02	70.78	-0.76	
     17394	70.02	70.78	-0.76	
     17456	70.02	70.78	-0.76	
     17519	70.02	70.78	-0.76	
     17581	70.02	70.78	-0.76	
     17644	70.02	70.78	-0.76	
     17706	69.93	70.78	-0.95	
     17768	69.63	70.78	-0.95	
     17831	67.38	68.74	-0.54	
     17893	63.18	64.90	-0.68	
     17956	58.97	60.42	-0.56	
     18018	55.75	56.58	0.07	
     18080	54.08	54.91	-0.72	
     18143	52.62	53.76	-1.10	
     18205	50.46	51.33	-0.25	
     18268	49.39	50.43	-1.45	
     18330	47.53	48.77	-1.58	
     18392	46.06	47.10	-1.09	
     18455	44.69	45.44	-1.35	
     18517	42.93	43.78	-1.44	
     18580	41.96	43.01	-1.24	
     18642	40.39	40.83	-0.98	
     18704	39.32	40.58	-1.35	
     18767	37.26	38.27	-1.09	
     18829	35.99	36.61	-1.38	
     18892	34.82	36.10	-1.30	
     18954	33.45	34.69	-1.39	
     19016	32.47	33.79	-1.16	
     19079	32.18	33.02	-0.85	
     19141	32.18	33.02	-0.85	
     19204	32.18	33.02	-0.85	
     19266	32.27	33.02	-0.85	
     19328	32.18	33.02	-0.85	
     19391	32.27	33.02	-0.75	
     19453	32.47	32.90	-0.52	
     19516	33.45	32.77	0.32	
     19578	35.31	34.18	0.74	
     19640	38.04	36.74	0.44	
     19703	41.47	40.96	-0.53	
     19765	44.69	43.78	-0.05	
     19828	48.51	47.49	-0.09	
     19890	53.01	51.33	0.35	
     19952	57.90	56.58	-0.02	
     20015	63.67	62.21	1.58	
     20077	68.26	65.92	1.86	
     20140	73.25	72.45	0.01	
     20202	78.63	77.06	0.71	
     20264	83.52	81.92	1.09	
     20327	87.04	85.63	1.07	
     20389	88.22	88.06	0.02	
     20452	88.22	88.19	0.12	
     20514	88.22	88.19	0.02	
     20576	88.31	88.32	-0.01	
     20639	87.82	88.19	-0.40	
     20701	86.16	86.78	-1.29	
     20764	83.72	84.35	-0.82	
     20826	80.68	81.41	-0.61	
     20888	76.38	77.18	-0.01	
     20951	71.10	71.94	-0.39	
     21013	65.23	66.05	0.31	
     21076	59.66	61.06	0.04	
     21138	53.01	54.27	0.04	
     21200	47.53	48.51	0.36	
     21263	44.50	44.80	0.22	
     21325	44.30	45.06	-0.75	
     21388	44.30	45.06	-0.75	
     21450	44.30	45.06	-0.75	
     21512	44.79	44.80	-0.33	
     21575	46.36	46.21	0.64	
     21637	49.10	48.77	0.62	
     21700	52.42	52.10	1.09	
     21762	56.24	56.06	0.90	
     21824	61.13	60.29	1.45	
     21887	66.60	64.38	1.54	
     21949	72.18	70.02	1.08	
     22012	77.56	76.80	0.09	
     22074	83.03	81.41	1.85	
     22136	87.73	85.76	1.21	
     22199	89.98	89.09	0.17	
     22261	90.17	90.50	-0.13	
     22324	90.17	90.24	-0.07	
     22386	90.07	90.24	-0.29	
     22448	89.58	90.50	-0.72	
     22511	87.82	88.45	-0.96	
     22573	85.09	86.40	-0.59	
     22636	82.35	83.84	-0.81	
     22698	78.92	80.77	-0.87	
     22760	75.79	77.57	-1.08	
     22823	71.59	72.96	-1.44	
     22885	66.99	67.97	-1.01	
     22948	62.10	62.21	-0.39	
     23010	57.70	58.11	-1.50	
     23072	52.91	53.12	-0.19	
     23135	49.49	49.92	-0.83	
     23197	46.06	46.98	-1.00	
     23260	43.23	44.42	-0.66	
     23322	40.20	41.98	-1.01	
     23384	37.07	38.78	-1.15	
     23447	33.64	34.82	-1.47	
     23509	30.32	31.62	-1.79	
     23572	28.26	29.70	-1.33	
     23634	26.60	27.90	-1.17	
     23696	25.62	26.75	-0.93	
     23759	24.45	25.73	-0.82	
     23821	23.08	24.32	-1.01	
     23884	22.98	23.81	-0.95	
     23946	22.98	23.81	-0.83	
     24008	22.98	23.81	-0.83	
     24071	23.08	23.81	-0.73	
     24133	23.57	23.42	0.02	
     24196	25.04	24.83	0.26	
     24258	26.21	25.60	0.26	
     24320	28.07	28.54	-0.17	
     24383	29.05	28.54	0.31	
     24445	30.71	30.98	-0.18	
     24508	31.30	31.23	0.34	
     24570	32.37	32.00	0.52	
     24632	33.35	33.02	0.39	
     24695	34.91	33.92	0.60	
     24757	36.48	35.97	0.06	
     24820	37.85	37.25	0.28	
     24882	39.51	39.17	-0.11	
     24944	41.17	40.32	0.75	
     25007	43.13	42.24	0.21	
     25069	45.09	44.29	0.19	
     25132	47.34	46.34	0.48	
     25194	49.78	49.02	-0.02	
     25256	52.23	52.10	-0.49	
     25319	54.67	54.27	-0.32	
     25381	57.70	57.60	-0.14	
     25444	59.95	59.78	0.83	
     25506	62.89	62.08	0.90	
     25568	66.01	65.41	0.90	
     25631	68.46	68.35	1.11	
     25693	70.81	70.02	1.13	
     25756	72.76	71.94	0.85	
     25818	74.82	73.86	0.37	
     25880	77.26	76.16	0.61	
     25943	79.61	78.72	0.20	
     26005	82.15	81.66	0.25	
     26068	84.01	83.33	1.38	
     26130	85.38	84.74	0.45	
     26192	85.48	84.74	0.61	
     26255	85.28	84.48	0.55	
     26317	85.28	84.48	0.67	
     26380	85.48	84.61	0.77	
